Rehydration-Reminder-master/app/build/intermediates/manifest_merge_blame_file/debug/manifest-merger-blame-debug-report.txt
1<?xml version="1.0" encoding="utf-8"?>
2<manifest xmlns:android="http://schemas.android.com/apk/res/android"
3    package="com.example.android.background"
4    android:versionCode="1"
5    android:versionName="1.0" >
6
7    <uses-sdk
8        android:minSdkVersion="19"
8-->src/main/AndroidManifest.xml
9        android:targetSdkVersion="30" />
9-->src/main/AndroidManifest.xml
10
11    <uses-permission android:name="android.permission.VIBRATE" />
11-->src/main/AndroidManifest.xml:5:5-65
11-->src/main/AndroidManifest.xml:5:22-63
12
13    <application
13-->src/main/AndroidManifest.xml:6:5-26:19
14        android:allowBackup="true"
14-->src/main/AndroidManifest.xml:7:9-35
15        android:appComponentFactory="androidx.core.app.CoreComponentFactory"
15-->[androidx.core:core:1.5.0] AndroidManifest.xml:24:18-86
16        android:debuggable="true"
17        android:icon="@mipmap/ic_launcher"
17-->src/main/AndroidManifest.xml:8:9-43
18        android:label="@string/app_name"
18-->src/main/AndroidManifest.xml:9:9-41
19        android:roundIcon="@mipmap/ic_launcher_round"
19-->src/main/AndroidManifest.xml:10:9-54
20        android:supportsRtl="true"
20-->src/main/AndroidManifest.xml:11:9-35
21        android:testOnly="true"
22        android:theme="@style/AppTheme" >
22-->src/main/AndroidManifest.xml:12:9-40
23        <activity
23-->src/main/AndroidManifest.xml:13:9-21:20
24            android:name="com.example.android.background.MainActivity"
24-->src/main/AndroidManifest.xml:13:19-47
25            android:launchMode="singleTop"
25-->src/main/AndroidManifest.xml:14:13-43
26            android:screenOrientation="portrait" >
26-->src/main/AndroidManifest.xml:15:13-49
27            <intent-filter>
27-->src/main/AndroidManifest.xml:16:13-20:29
28                <action android:name="android.intent.action.MAIN" />
28-->src/main/AndroidManifest.xml:17:17-69
28-->src/main/AndroidManifest.xml:17:25-66
29
30                <category android:name="android.intent.category.LAUNCHER" />
30-->src/main/AndroidManifest.xml:19:17-77
30-->src/main/AndroidManifest.xml:19:27-74
31            </intent-filter>
32        </activity>
33
34        <service
34-->src/main/AndroidManifest.xml:23:9-25:15
35            android:name="com.example.android.background.sync.WaterReminderIntentService"
35-->src/main/AndroidManifest.xml:23:18-65
36            android:exported="false" />
36-->src/main/AndroidManifest.xml:24:13-37
37    </application>
38
39</manifest>